<?xml version="1.0" encoding="UTF-8"?>
<!-- Generated by org.testng.reporters.JUnitXMLReporter -->
<testsuite ignored="3" hostname="Manju12Yadav" failures="0" tests="1" name="Default test" time="0.063" errors="0" timestamp="2023-06-28T11:22:55 IST">
  <testcase classname="com.interviewChallenges.TyChallenges51to60" name="p52" time="0.012"/>
  <testcase classname="com.interviewChallenges.TyChallenges51to60" name="p53" time="0.0">
    <ignored/>
  </testcase> <!-- p53 -->
  <testcase classname="com.interviewChallenges.TyChallenges51to60" name="p51" time="0.0">
    <ignored/>
  </testcase> <!-- p51 -->
  <testcase classname="com.interviewChallenges.TyChallenges51to60" name="p50" time="0.0">
    <ignored/>
  </testcase> <!-- p50 -->
</testsuite> <!-- Default test -->
