<?xml version="1.0" encoding="UTF-8"?>
<!-- Generated by org.testng.reporters.JUnitXMLReporter -->
<testsuite ignored="4" hostname="Manju12Yadav" failures="0" tests="1" name="Default test" time="0.074" errors="0" timestamp="2023-06-03T16:07:48 IST">
  <testcase classname="com.logicalPrgms.PrimeNum" name="range" time="0.019"/>
  <testcase classname="com.logicalPrgms.PrimeNum" name="countPrime" time="0.0">
    <ignored/>
  </testcase> <!-- countPrime -->
  <testcase classname="com.logicalPrgms.PrimeNum" name="verifyPrimeOrNot" time="0.0">
    <ignored/>
  </testcase> <!-- verifyPrimeOrNot -->
  <testcase classname="com.logicalPrgms.PrimeNum" name="printPrimeNumberBtwGivenRange" time="0.0">
    <ignored/>
  </testcase> <!-- printPrimeNumberBtwGivenRange -->
  <testcase classname="com.logicalPrgms.PrimeNum" name="printPrimeNumfromArray" time="0.0">
    <ignored/>
  </testcase> <!-- printPrimeNumfromArray -->
</testsuite> <!-- Default test -->
