<?xml version="1.0" encoding="UTF-8"?>
<testng-results ignored="3" total="4" passed="1" failed="0" skipped="0">
  <reporter-output>
  </reporter-output>
  <suite started-at="2023-06-28T11:22:54 IST" name="Default suite" finished-at="2023-06-28T11:22:54 IST" duration-ms="63">
    <groups>
    </groups>
    <test started-at="2023-06-28T11:22:54 IST" name="Default test" finished-at="2023-06-28T11:22:54 IST" duration-ms="63">
      <class name="com.interviewChallenges.TyChallenges51to60">
        <test-method signature="p52()[pri:0, instance:com.interviewChallenges.TyChallenges51to60@67c33749]" started-at="2023-06-28T11:22:54 IST" name="p52" finished-at="2023-06-28T11:22:54 IST" duration-ms="12" status="PASS">
          <reporter-output>
          </reporter-output>
        </test-method> <!-- p52 -->
      </class> <!-- com.interviewChallenges.TyChallenges51to60 -->
    </test> <!-- Default test -->
  </suite> <!-- Default suite -->
</testng-results>
