<?xml version="1.0" encoding="UTF-8"?>
<testng-results ignored="4" total="5" passed="1" failed="0" skipped="0">
  <reporter-output>
  </reporter-output>
  <suite started-at="2023-06-03T16:07:48 IST" name="Default suite" finished-at="2023-06-03T16:07:48 IST" duration-ms="74">
    <groups>
    </groups>
    <test started-at="2023-06-03T16:07:48 IST" name="Default test" finished-at="2023-06-03T16:07:48 IST" duration-ms="74">
      <class name="com.logicalPrgms.PrimeNum">
        <test-method signature="range()[pri:0, instance:com.logicalPrgms.PrimeNum@fba92d3]" started-at="2023-06-03T16:07:48 IST" name="range" finished-at="2023-06-03T16:07:48 IST" duration-ms="19" status="PASS">
          <reporter-output>
          </reporter-output>
        </test-method> <!-- range -->
      </class> <!-- com.logicalPrgms.PrimeNum -->
    </test> <!-- Default test -->
  </suite> <!-- Default suite -->
</testng-results>
